[INFO] Scanning for projects...
[INFO]                                                                         
[INFO] ------------------------------------------------------------------------
[INFO] Building transporter-ws-cli 1.0-SNAPSHOT
[INFO] ------------------------------------------------------------------------
[INFO] 
[INFO] --- jaxws-maven-plugin:2.3:wsimport (default) @ transporter-ws-cli ---
[INFO] Ignoring: file:/home/zacarias/SD/proj/A_64-project/transporter-ws-cli/../transporter-ws/src/main/resources/transporter.1_0.wsdl
[INFO] 
[INFO] --- maven-resources-plugin:2.6:resources (default-resources) @ transporter-ws-cli ---
[INFO] Using 'UTF-8' encoding to copy filtered resources.
[INFO] skip non existing resourceDirectory /home/zacarias/SD/proj/A_64-project/transporter-ws-cli/src/main/resources
[INFO] 
[INFO] --- maven-compiler-plugin:3.1:compile (default-compile) @ transporter-ws-cli ---
[INFO] Nothing to compile - all classes are up to date
[INFO] 
[INFO] --- maven-resources-plugin:2.6:testResources (default-testResources) @ transporter-ws-cli ---
[INFO] Using 'UTF-8' encoding to copy filtered resources.
[INFO] Copying 1 resource
[INFO] 
[INFO] --- maven-compiler-plugin:3.1:testCompile (default-testCompile) @ transporter-ws-cli ---
[INFO] Nothing to compile - all classes are up to date
[INFO] 
[INFO] --- maven-surefire-plugin:2.12.4:test (default-test) @ transporter-ws-cli ---
[INFO] 
[INFO] --- maven-jar-plugin:2.4:jar (default-jar) @ transporter-ws-cli ---
[INFO] 
[INFO] --- maven-failsafe-plugin:2.19.1:integration-test (default) @ transporter-ws-cli ---

-------------------------------------------------------
 T E S T S
-------------------------------------------------------
Running pt.upa.transporter.ws.it.RequestJobIT
http://localhost:9090
UpaTransporter1
Contacting UDDI at http://localhost:9090
Looking for 'UpaTransporter1'
Creating stub ...
Setting endpoint address ...
http://localhost:9090
UpaTransporter4
Contacting UDDI at http://localhost:9090
Looking for 'UpaTransporter4'
Creating stub ...
Setting endpoint address ...
Tests run: 19, Failures: 1, Errors: 0, Skipped: 0, Time elapsed: 4.095 sec <<< FAILURE! - in pt.upa.transporter.ws.it.RequestJobIT
success(pt.upa.transporter.ws.it.RequestJobIT)  Time elapsed: 0.094 sec  <<< FAILURE!
org.junit.ComparisonFailure: Job with wrong company name expected:<UpaTransporter[4]> but was:<UpaTransporter[2]>
	at pt.upa.transporter.ws.it.RequestJobIT.success(RequestJobIT.java:38)

Running pt.upa.transporter.ws.it.PingIT
http://localhost:9090
UpaTransporter1
Contacting UDDI at http://localhost:9090
Looking for 'UpaTransporter1'
Creating stub ...
Setting endpoint address ...
http://localhost:9090
UpaTransporter4
Contacting UDDI at http://localhost:9090
Looking for 'UpaTransporter4'
Creating stub ...
Setting endpoint address ...
Tests run: 3, Failures: 0, Errors: 0, Skipped: 0, Time elapsed: 1.021 sec - in pt.upa.transporter.ws.it.PingIT
Running pt.upa.transporter.ws.it.ListJobsIT
http://localhost:9090
UpaTransporter1
Contacting UDDI at http://localhost:9090
Looking for 'UpaTransporter1'
Creating stub ...
Setting endpoint address ...
http://localhost:9090
UpaTransporter4
Contacting UDDI at http://localhost:9090
Looking for 'UpaTransporter4'
Creating stub ...
Setting endpoint address ...
Tests run: 2, Failures: 0, Errors: 0, Skipped: 0, Time elapsed: 0.831 sec - in pt.upa.transporter.ws.it.ListJobsIT
Running pt.upa.transporter.ws.it.ClearJobsIT
http://localhost:9090
UpaTransporter1
Contacting UDDI at http://localhost:9090
Looking for 'UpaTransporter1'
Creating stub ...
Setting endpoint address ...
http://localhost:9090
UpaTransporter4
Contacting UDDI at http://localhost:9090
Looking for 'UpaTransporter4'
Creating stub ...
Setting endpoint address ...
Tests run: 2, Failures: 0, Errors: 0, Skipped: 0, Time elapsed: 0.709 sec - in pt.upa.transporter.ws.it.ClearJobsIT
Running pt.upa.transporter.ws.it.DecideJobIT
http://localhost:9090
UpaTransporter1
Contacting UDDI at http://localhost:9090
Looking for 'UpaTransporter1'
Creating stub ...
Setting endpoint address ...
http://localhost:9090
UpaTransporter4
Contacting UDDI at http://localhost:9090
Looking for 'UpaTransporter4'
Creating stub ...
Setting endpoint address ...
Tests run: 4, Failures: 0, Errors: 2, Skipped: 0, Time elapsed: 0.885 sec <<< FAILURE! - in pt.upa.transporter.ws.it.DecideJobIT
successAccept(pt.upa.transporter.ws.it.DecideJobIT)  Time elapsed: 0.092 sec  <<< ERROR!
pt.upa.transporter.ws.BadJobFault_Exception: invalid ID
	at pt.upa.transporter.ws.it.DecideJobIT.successAccept(DecideJobIT.java:21)

successReject(pt.upa.transporter.ws.it.DecideJobIT)  Time elapsed: 0.136 sec  <<< ERROR!
pt.upa.transporter.ws.BadJobFault_Exception: invalid ID
	at pt.upa.transporter.ws.it.DecideJobIT.successReject(DecideJobIT.java:30)

Running pt.upa.transporter.ws.it.JobStatusIT
http://localhost:9090
UpaTransporter1
Contacting UDDI at http://localhost:9090
Looking for 'UpaTransporter1'
Creating stub ...
Setting endpoint address ...
http://localhost:9090
UpaTransporter4
Contacting UDDI at http://localhost:9090
Looking for 'UpaTransporter4'
Creating stub ...
Setting endpoint address ...
Tests run: 8, Failures: 0, Errors: 4, Skipped: 0, Time elapsed: 1.316 sec <<< FAILURE! - in pt.upa.transporter.ws.it.JobStatusIT
completedIdentifierTest(pt.upa.transporter.ws.it.JobStatusIT)  Time elapsed: 0.124 sec  <<< ERROR!
pt.upa.transporter.ws.BadJobFault_Exception: invalid ID
	at pt.upa.transporter.ws.it.JobStatusIT.completedIdentifierTest(JobStatusIT.java:51)

notAcceptedIdentifierTest(pt.upa.transporter.ws.it.JobStatusIT)  Time elapsed: 0.124 sec  <<< ERROR!
pt.upa.transporter.ws.BadJobFault_Exception: invalid ID
	at pt.upa.transporter.ws.it.JobStatusIT.notAcceptedIdentifierTest(JobStatusIT.java:65)

acceptedIdentifierTest(pt.upa.transporter.ws.it.JobStatusIT)  Time elapsed: 0.124 sec  <<< ERROR!
pt.upa.transporter.ws.BadJobFault_Exception: invalid ID
	at pt.upa.transporter.ws.it.JobStatusIT.acceptedIdentifierTest(JobStatusIT.java:31)

rejectedIdentifierTest(pt.upa.transporter.ws.it.JobStatusIT)  Time elapsed: 0.133 sec  <<< ERROR!
pt.upa.transporter.ws.BadJobFault_Exception: invalid ID
	at pt.upa.transporter.ws.it.JobStatusIT.rejectedIdentifierTest(JobStatusIT.java:41)


Results :

Failed tests: 
  RequestJobIT.success:38 Job with wrong company name expected:<UpaTransporter[4]> but was:<UpaTransporter[2]>
Tests in error: 
  DecideJobIT.successAccept:21 » BadJobFault_ invalid ID
  DecideJobIT.successReject:30 » BadJobFault_ invalid ID
  JobStatusIT.acceptedIdentifierTest:31 » BadJobFault_ invalid ID
  JobStatusIT.completedIdentifierTest:51 » BadJobFault_ invalid ID
  JobStatusIT.notAcceptedIdentifierTest:65 » BadJobFault_ invalid ID
  JobStatusIT.rejectedIdentifierTest:41 » BadJobFault_ invalid ID

Tests run: 38, Failures: 1, Errors: 6, Skipped: 0

[INFO] 
[INFO] --- maven-failsafe-plugin:2.19.1:verify (default) @ transporter-ws-cli ---
[INFO] ------------------------------------------------------------------------
[INFO] BUILD FAILURE
[INFO] ------------------------------------------------------------------------
[INFO] Total time: 11.446 s
[INFO] Finished at: 2016-04-19T09:00:49+01:00
[INFO] Final Memory: 14M/260M
[INFO] ------------------------------------------------------------------------
[ERROR] Failed to execute goal org.apache.maven.plugins:maven-failsafe-plugin:2.19.1:verify (default) on project transporter-ws-cli: There are test failures.
[ERROR] 
[ERROR] Please refer to /home/zacarias/SD/proj/A_64-project/transporter-ws-cli/target/failsafe-reports for the individual test results.
[ERROR] -> [Help 1]
[ERROR] 
[ERROR] To see the full stack trace of the errors, re-run Maven with the -e switch.
[ERROR] Re-run Maven using the -X switch to enable full debug logging.
[ERROR] 
[ERROR] For more information about the errors and possible solutions, please read the following articles:
[ERROR] [Help 1] http://cwiki.apache.org/confluence/display/MAVEN/MojoFailureException
